c:\users\asus\documents\github uni\spring2024-ce101-oop-project-group-bb-1\play-matrix 2.0\play-matrix 2.0\x64\debug\vc143.pdb
c:\users\asus\documents\github uni\spring2024-ce101-oop-project-group-bb-1\play-matrix 2.0\play-matrix 2.0\x64\debug\vc143.idb
c:\users\asus\documents\github uni\spring2024-ce101-oop-project-group-bb-1\play-matrix 2.0\play-matrix 2.0\x64\debug\enemies.obj
c:\users\asus\documents\github uni\spring2024-ce101-oop-project-group-bb-1\play-matrix 2.0\play-matrix 2.0\x64\debug\console.obj
c:\users\asus\documents\github uni\spring2024-ce101-oop-project-group-bb-1\play-matrix 2.0\play-matrix 2.0\x64\debug\bullets.obj
c:\users\asus\documents\github uni\spring2024-ce101-oop-project-group-bb-1\play-matrix 2.0\play-matrix 2.0\x64\debug\snake_game.obj
c:\users\asus\documents\github uni\spring2024-ce101-oop-project-group-bb-1\play-matrix 2.0\play-matrix 2.0\x64\debug\snake.obj
c:\users\asus\documents\github uni\spring2024-ce101-oop-project-group-bb-1\play-matrix 2.0\play-matrix 2.0\x64\debug\scoreboard.obj
c:\users\asus\documents\github uni\spring2024-ce101-oop-project-group-bb-1\play-matrix 2.0\play-matrix 2.0\x64\debug\game_manager.obj
c:\users\asus\documents\github uni\spring2024-ce101-oop-project-group-bb-1\play-matrix 2.0\play-matrix 2.0\x64\debug\gameobject.obj
c:\users\asus\documents\github uni\spring2024-ce101-oop-project-group-bb-1\play-matrix 2.0\play-matrix 2.0\x64\debug\fruit.obj
c:\users\asus\documents\github uni\spring2024-ce101-oop-project-group-bb-1\play-matrix 2.0\play-matrix 2.0\x64\debug\play-matrix 2.0.obj
c:\users\asus\documents\github uni\spring2024-ce101-oop-project-group-bb-1\play-matrix 2.0\play-matrix 2.0\x64\debug\wordbank.obj
c:\users\asus\documents\github uni\spring2024-ce101-oop-project-group-bb-1\play-matrix 2.0\play-matrix 2.0\x64\debug\userprofile.obj
c:\users\asus\documents\github uni\spring2024-ce101-oop-project-group-bb-1\play-matrix 2.0\play-matrix 2.0\x64\debug\player.obj
c:\users\asus\documents\github uni\spring2024-ce101-oop-project-group-bb-1\play-matrix 2.0\play-matrix 2.0\x64\debug\hangman.obj
c:\users\asus\documents\github uni\spring2024-ce101-oop-project-group-bb-1\play-matrix 2.0\play-matrix 2.0\x64\debug\hangmandrawing.obj
c:\users\asus\documents\github uni\spring2024-ce101-oop-project-group-bb-1\play-matrix 2.0\play-matrix 2.0\x64\debug\gamerecord.obj
c:\users\asus\documents\github uni\spring2024-ce101-oop-project-group-bb-1\play-matrix 2.0\play-matrix 2.0\x64\debug\gamemanager.obj
c:\users\asus\documents\github uni\spring2024-ce101-oop-project-group-bb-1\play-matrix 2.0\play-matrix 2.0\x64\debug\gameflow.obj
c:\users\asus\documents\github uni\spring2024-ce101-oop-project-group-bb-1\play-matrix 2.0\play-matrix 2.0\x64\debug\display.obj
c:\users\asus\documents\github uni\spring2024-ce101-oop-project-group-bb-1\play-matrix 2.0\play-matrix 2.0\x64\debug\asciihangmandrawing.obj
c:\users\asus\documents\github uni\spring2024-ce101-oop-project-group-bb-1\play-matrix 2.0\play-matrix 2.0\x64\debug\space-shooter.obj
c:\users\asus\documents\github uni\spring2024-ce101-oop-project-group-bb-1\play-matrix 2.0\play-matrix 2.0\x64\debug\ship.obj
c:\users\asus\documents\github uni\spring2024-ce101-oop-project-group-bb-1\play-matrix 2.0\play-matrix 2.0\x64\debug\game_objects.obj
c:\users\asus\documents\github uni\spring2024-ce101-oop-project-group-bb-1\play-matrix 2.0\play-matrix 2.0\x64\debug\game_manage.obj
c:\users\asus\documents\github uni\spring2024-ce101-oop-project-group-bb-1\play-matrix 2.0\x64\debug\raylib.dll
c:\users\asus\documents\github uni\spring2024-ce101-oop-project-group-bb-1\play-matrix 2.0\play-matrix 2.0\x64\debug\play-matrix 2.0.ilk
c:\users\asus\documents\github uni\spring2024-ce101-oop-project-group-bb-1\play-matrix 2.0\x64\debug\play-matrix 2.0.pdb
c:\users\asus\documents\github uni\spring2024-ce101-oop-project-group-bb-1\play-matrix 2.0\x64\debug\play-matrix 2.0.exe
c:\users\asus\documents\github uni\spring2024-ce101-oop-project-group-bb-1\play-matrix 2.0\play-matrix 2.0\x64\debug\play-matrix 2.0.tlog\cl.command.1.tlog
c:\users\asus\documents\github uni\spring2024-ce101-oop-project-group-bb-1\play-matrix 2.0\play-matrix 2.0\x64\debug\play-matrix 2.0.tlog\cl.items.tlog
c:\users\asus\documents\github uni\spring2024-ce101-oop-project-group-bb-1\play-matrix 2.0\play-matrix 2.0\x64\debug\play-matrix 2.0.tlog\cl.read.1.tlog
c:\users\asus\documents\github uni\spring2024-ce101-oop-project-group-bb-1\play-matrix 2.0\play-matrix 2.0\x64\debug\play-matrix 2.0.tlog\cl.write.1.tlog
c:\users\asus\documents\github uni\spring2024-ce101-oop-project-group-bb-1\play-matrix 2.0\play-matrix 2.0\x64\debug\play-matrix 2.0.tlog\link.command.1.tlog
c:\users\asus\documents\github uni\spring2024-ce101-oop-project-group-bb-1\play-matrix 2.0\play-matrix 2.0\x64\debug\play-matrix 2.0.tlog\link.read.1.tlog
c:\users\asus\documents\github uni\spring2024-ce101-oop-project-group-bb-1\play-matrix 2.0\play-matrix 2.0\x64\debug\play-matrix 2.0.tlog\link.secondary.1.tlog
c:\users\asus\documents\github uni\spring2024-ce101-oop-project-group-bb-1\play-matrix 2.0\play-matrix 2.0\x64\debug\play-matrix 2.0.tlog\link.write.1.tlog
c:\users\asus\documents\github uni\spring2024-ce101-oop-project-group-bb-1\play-matrix 2.0\play-matrix 2.0\x64\debug\play-matrix 2.0.tlog\play-matrix 2.0.write.1u.tlog
